#-----------------------------------------------------------
# Vivado v2020.1 (64-bit)
# SW Build 2902540 on Wed May 27 19:54:49 MDT 2020
# IP Build 2902112 on Wed May 27 22:43:36 MDT 2020
# Start of session at: Fri Oct 30 16:14:41 2020
# Process ID: 25724
# Current directory: C:/Users/ammic/OneDrive/Documents/GitHub/Lab10/Lab10_project
# Command line: vivado.exe -gui_launcher_event rodinguilauncherevent25152 C:\Users\ammic\OneDrive\Documents\GitHub\Lab10\Lab10_project\Lab10_project.xpr
# Log file: C:/Users/ammic/OneDrive/Documents/GitHub/Lab10/Lab10_project/vivado.log
# Journal file: C:/Users/ammic/OneDrive/Documents/GitHub/Lab10/Lab10_project\vivado.jou
#-----------------------------------------------------------
start_gui
open_project C:/Users/ammic/OneDrive/Documents/GitHub/Lab10/Lab10_project/Lab10_project.xpr
INFO: [Project 1-313] Project file moved from 'C:/Users/aaron_mendoza1/Documents/GitHub/Lab10/Lab10_project' since last save.
Scanning sources...
Finished scanning sources
WARNING: [filemgmt 56-2] Default IP Output Path : Could not find the directory 'C:/Users/ammic/OneDrive/Documents/GitHub/Lab10/Lab10_project/Lab10_project.srcs/sources_1', nor could it be found using path 'C:/Users/aaron_mendoza1/Documents/GitHub/Lab10/Lab10_project/Lab10_project.srcs/sources_1'.
INFO: [IP_Flow 19-234] Refreshing IP repositories
INFO: [IP_Flow 19-1704] No user IP repositories specified
INFO: [IP_Flow 19-2313] Loaded Vivado IP repository 'C:/Xilinx/Vivado/2020.1/data/ip'.
open_project: Time (s): cpu = 00:00:33 ; elapsed = 00:00:13 . Memory (MB): peak = 1016.195 ; gain = 0.000
update_compile_order -fileset sources_1
exit
INFO: [Common 17-206] Exiting Vivado at Fri Oct 30 16:20:58 2020...
